
> factoura-backend@1.0.0 dev
> nodemon src/app.js

[33m[nodemon] 3.1.9[39m
[33m[nodemon] to restart at any time, enter `rs`[39m
[33m[nodemon] watching path(s): *.*[39m
[33m[nodemon] watching extensions: js,mjs,cjs,json[39m
[32m[nodemon] starting `node src/app.js`[39m
Using simulated blockchain due to missing or placeholder configuration
BlockchainService running in PRODUCTION mode
[32minfo[39m: Server is running on port 5001 {"timestamp":"2025-05-01T18:53:24.299Z"}
[33mwarn[39m: Optional services not available: {"timestamp":"2025-05-01T18:53:24.303Z"}
[32minfo[39m: GET /api/articles {"timestamp":"2025-05-01T18:53:27.999Z"}
[32minfo[39m: GET /api/articles {"timestamp":"2025-05-01T18:53:28.016Z"}
[32minfo[39m: GET /api/articles {"timestamp":"2025-05-01T18:53:35.805Z"}
[32minfo[39m: GET /api/articles {"timestamp":"2025-05-01T18:53:35.811Z"}
[32minfo[39m: POST /api/users/login {"timestamp":"2025-05-01T18:53:49.337Z"}
[32minfo[39m: GET /api/articles {"timestamp":"2025-05-01T18:53:49.396Z"}
[32minfo[39m: GET /api/users/me {"timestamp":"2025-05-01T18:53:49.397Z"}
[32minfo[39m: GET /api/articles {"timestamp":"2025-05-01T18:53:49.399Z"}
[32minfo[39m: GET /api/users/me {"timestamp":"2025-05-01T18:53:49.400Z"}
[32minfo[39m: GET /api/users/1 {"timestamp":"2025-05-01T18:53:49.401Z"}
[32minfo[39m: GET /api/users/2 {"timestamp":"2025-05-01T18:53:49.402Z"}
[32minfo[39m: GET /api/users/1 {"timestamp":"2025-05-01T18:53:49.403Z"}
[32minfo[39m: GET /api/users/1 {"timestamp":"2025-05-01T18:53:49.404Z"}
[32minfo[39m: GET /api/users/2 {"timestamp":"2025-05-01T18:53:49.405Z"}
[32minfo[39m: GET /api/users/3 {"timestamp":"2025-05-01T18:53:49.405Z"}
[32minfo[39m: GET /api/users/3 {"timestamp":"2025-05-01T18:53:49.406Z"}
[32minfo[39m: GET /api/users/2 {"timestamp":"2025-05-01T18:53:49.406Z"}
[32minfo[39m: GET /api/users/1 {"timestamp":"2025-05-01T18:53:49.407Z"}
[32minfo[39m: GET /api/users/1 {"timestamp":"2025-05-01T18:53:49.407Z"}
[32minfo[39m: GET /api/users/2 {"timestamp":"2025-05-01T18:53:49.407Z"}
[32minfo[39m: GET /api/users/3 {"timestamp":"2025-05-01T18:53:49.407Z"}
[32minfo[39m: GET /api/users/3 {"timestamp":"2025-05-01T18:53:49.408Z"}
[32minfo[39m: GET /api/users/1 {"timestamp":"2025-05-01T18:53:49.408Z"}
[32minfo[39m: GET /api/users/2 {"timestamp":"2025-05-01T18:53:49.409Z"}
[32minfo[39m: GET /api/users/3 {"timestamp":"2025-05-01T18:53:49.409Z"}
[32minfo[39m: GET /api/users/1 {"timestamp":"2025-05-01T18:53:49.409Z"}
[32minfo[39m: GET /api/users/2 {"timestamp":"2025-05-01T18:53:49.409Z"}
[32minfo[39m: GET /api/users/3 {"timestamp":"2025-05-01T18:53:49.410Z"}
[32minfo[39m: GET /api/users/1 {"timestamp":"2025-05-01T18:53:49.410Z"}
[32minfo[39m: GET /api/articles {"timestamp":"2025-05-01T18:53:54.470Z"}
[32minfo[39m: GET /api/users/me {"timestamp":"2025-05-01T18:53:54.471Z"}
[32minfo[39m: GET /api/users/me {"timestamp":"2025-05-01T18:53:54.473Z"}
[32minfo[39m: GET /api/articles {"timestamp":"2025-05-01T18:53:54.474Z"}
[32minfo[39m: GET /api/users/1 {"timestamp":"2025-05-01T18:53:54.481Z"}
[32minfo[39m: GET /api/users/1 {"timestamp":"2025-05-01T18:53:54.481Z"}
[32minfo[39m: GET /api/users/2 {"timestamp":"2025-05-01T18:53:54.483Z"}
[32minfo[39m: GET /api/users/1 {"timestamp":"2025-05-01T18:53:54.484Z"}
[32minfo[39m: GET /api/users/2 {"timestamp":"2025-05-01T18:53:54.484Z"}
[32minfo[39m: GET /api/users/2 {"timestamp":"2025-05-01T18:53:54.485Z"}
[32minfo[39m: GET /api/users/3 {"timestamp":"2025-05-01T18:53:54.486Z"}
[32minfo[39m: GET /api/users/3 {"timestamp":"2025-05-01T18:53:54.486Z"}
[32minfo[39m: GET /api/users/1 {"timestamp":"2025-05-01T18:53:54.487Z"}
[32minfo[39m: GET /api/users/1 {"timestamp":"2025-05-01T18:53:54.487Z"}
[32minfo[39m: GET /api/users/2 {"timestamp":"2025-05-01T18:53:54.487Z"}
[32minfo[39m: GET /api/users/3 {"timestamp":"2025-05-01T18:53:54.487Z"}
[32minfo[39m: GET /api/users/3 {"timestamp":"2025-05-01T18:53:54.490Z"}
[32minfo[39m: GET /api/users/1 {"timestamp":"2025-05-01T18:53:54.490Z"}
[32minfo[39m: GET /api/users/2 {"timestamp":"2025-05-01T18:53:54.491Z"}
[32minfo[39m: GET /api/users/3 {"timestamp":"2025-05-01T18:53:54.491Z"}
[32minfo[39m: GET /api/users/1 {"timestamp":"2025-05-01T18:53:54.491Z"}
[32minfo[39m: GET /api/users/2 {"timestamp":"2025-05-01T18:53:54.491Z"}
[32minfo[39m: GET /api/users/3 {"timestamp":"2025-05-01T18:53:54.493Z"}
[32minfo[39m: GET /api/users/1 {"timestamp":"2025-05-01T18:53:54.493Z"}
[32minfo[39m: GET /api/users/me {"timestamp":"2025-05-01T18:53:54.494Z"}
[32minfo[39m: GET /api/users/me {"timestamp":"2025-05-01T18:53:54.496Z"}
